This is the historic output file
**************************************************************************************************************************

[ 27.04.2016 15:18:33 ] : 

Cmpche.txt Edited to : 0Cmpche.txt

**************************************************************************************************************************

[ 27.04.2016 15:31:30 ] : 

Cmpche - Original (148).txt Edited to : Campche - Original (148).txt
Cmpche - Original (149).txt Edited to : Campche - Original (149).txt
Cmpche - Original (151).txt Edited to : Campche - Original (151).txt
Cmpche - Original (152).txt Edited to : Campche - Original (152).txt
Cmpche - Original (153).txt Edited to : Campche - Original (153).txt
Cmpche - Original (154).txt Edited to : Campche - Original (154).txt
Cmpche - Original (155).txt Edited to : Campche - Original (155).txt
Cmpche - Original (156).txt Edited to : Campche - Original (156).txt
Cmpche - Original (157).txt Edited to : Campche - Original (157).txt
Cmpche - Original.txt Edited to : Campche - Original.txt
Cmpche.txt Edited to : Campche.txt
0Cmpche - Original (15).txt Edited to : 0Campche - Original (15).txt
0Cmpche - Original (16).txt Edited to : 0Campche - Original (16).txt
0Cmpche - Original (17).txt Edited to : 0Campche - Original (17).txt
0Cmpche - Original (18).txt Edited to : 0Campche - Original (18).txt
0Cmpche - Original (19).txt Edited to : 0Campche - Original (19).txt
0Cmpche - Original (20).txt Edited to : 0Campche - Original (20).txt
0Cmpche - Original (21).txt Edited to : 0Campche - Original (21).txt
0Cmpche - Original (22).txt Edited to : 0Campche - Original (22).txt
0Cmpche - Original (23).txt Edited to : 0Campche - Original (23).txt
0Cmpche - Original (24).txt Edited to : 0Campche - Original (24).txt
0Cmpche - Original (25).txt Edited to : 0Campche - Original (25).txt
0Cmpche - Original (26).txt Edited to : 0Campche - Original (26).txt
0Cmpche - Original (27).txt Edited to : 0Campche - Original (27).txt
0Cmpche - Original (28).txt Edited to : 0Campche - Original (28).txt
0Cmpche - Original (29).txt Edited to : 0Campche - Original (29).txt
0Cmpche - Original (30).txt Edited to : 0Campche - Original (30).txt
0Cmpche - Original (31).txt Edited to : 0Campche - Original (31).txt
0Cmpche - Original (32).txt Edited to : 0Campche - Original (32).txt
0Cmpche - Original (33).txt Edited to : 0Campche - Original (33).txt
0Cmpche - Original (34).txt Edited to : 0Campche - Original (34).txt
0Cmpche - Original (35).txt Edited to : 0Campche - Original (35).txt
0Cmpche - Original (36).txt Edited to : 0Campche - Original (36).txt
0Cmpche - Original (37).txt Edited to : 0Campche - Original (37).txt
0Cmpche - Original (38).txt Edited to : 0Campche - Original (38).txt
0Cmpche - Original (39).txt Edited to : 0Campche - Original (39).txt
0Cmpche - Original (40).txt Edited to : 0Campche - Original (40).txt
0Cmpche - Original (41).txt Edited to : 0Campche - Original (41).txt
0Cmpche - Original (42).txt Edited to : 0Campche - Original (42).txt
0Cmpche - Original (43).txt Edited to : 0Campche - Original (43).txt
0Cmpche - Original (44).txt Edited to : 0Campche - Original (44).txt
0Cmpche - Original (45).txt Edited to : 0Campche - Original (45).txt
0Cmpche - Original (46).txt Edited to : 0Campche - Original (46).txt
0Cmpche - Original (47).txt Edited to : 0Campche - Original (47).txt
0Cmpche - Original (48).txt Edited to : 0Campche - Original (48).txt
0Cmpche - Original (49).txt Edited to : 0Campche - Original (49).txt
0Cmpche - Original (50).txt Edited to : 0Campche - Original (50).txt
0Cmpche - Original (51).txt Edited to : 0Campche - Original (51).txt
0Cmpche - Original (52).txt Edited to : 0Campche - Original (52).txt
0Cmpche - Original (53).txt Edited to : 0Campche - Original (53).txt
0Cmpche - Original (54).txt Edited to : 0Campche - Original (54).txt
0Cmpche - Original (55).txt Edited to : 0Campche - Original (55).txt
0Cmpche - Original (56).txt Edited to : 0Campche - Original (56).txt
0Cmpche - Original (57).txt Edited to : 0Campche - Original (57).txt
0Cmpche - Original (58).txt Edited to : 0Campche - Original (58).txt
0Cmpche - Original (59).txt Edited to : 0Campche - Original (59).txt
0Cmpche - Original (60).txt Edited to : 0Campche - Original (60).txt
0Cmpche - Original (61).txt Edited to : 0Campche - Original (61).txt
0Cmpche - Original (62).txt Edited to : 0Campche - Original (62).txt
0Cmpche - Original (63).txt Edited to : 0Campche - Original (63).txt
0Cmpche - Original (64).txt Edited to : 0Campche - Original (64).txt
0Cmpche - Original (65).txt Edited to : 0Campche - Original (65).txt
0Cmpche - Original (66).txt Edited to : 0Campche - Original (66).txt
0Cmpche - Original (67).txt Edited to : 0Campche - Original (67).txt
0Cmpche - Original (68).txt Edited to : 0Campche - Original (68).txt
0Cmpche - Original (69).txt Edited to : 0Campche - Original (69).txt
0Cmpche - Original (70).txt Edited to : 0Campche - Original (70).txt
0Cmpche - Original (71).txt Edited to : 0Campche - Original (71).txt
0Cmpche - Original (72).txt Edited to : 0Campche - Original (72).txt
0Cmpche - Original (73).txt Edited to : 0Campche - Original (73).txt
0Cmpche - Original (74).txt Edited to : 0Campche - Original (74).txt
0Cmpche - Original (75).txt Edited to : 0Campche - Original (75).txt
0Cmpche - Original (76).txt Edited to : 0Campche - Original (76).txt
0Cmpche - Original (77).txt Edited to : 0Campche - Original (77).txt
0Cmpche - Original (78).txt Edited to : 0Campche - Original (78).txt
0Cmpche - Original (79).txt Edited to : 0Campche - Original (79).txt
0Cmpche - Original (80).txt Edited to : 0Campche - Original (80).txt
0Cmpche - Original (81).txt Edited to : 0Campche - Original (81).txt
0Cmpche - Original (82).txt Edited to : 0Campche - Original (82).txt
0Cmpche - Original (83).txt Edited to : 0Campche - Original (83).txt
0Cmpche - Original (84).txt Edited to : 0Campche - Original (84).txt
0Cmpche - Original (85).txt Edited to : 0Campche - Original (85).txt
0Cmpche - Original (86).txt Edited to : 0Campche - Original (86).txt
0Cmpche - Original (87).txt Edited to : 0Campche - Original (87).txt
0Cmpche - Original (88).txt Edited to : 0Campche - Original (88).txt
0Cmpche - Original (89).txt Edited to : 0Campche - Original (89).txt
0Cmpche - Original (90).txt Edited to : 0Campche - Original (90).txt
0Cmpche - Original (91).txt Edited to : 0Campche - Original (91).txt
0Cmpche - Original (92).txt Edited to : 0Campche - Original (92).txt
0Cmpche - Original (93).txt Edited to : 0Campche - Original (93).txt
0Cmpche - Original (94).txt Edited to : 0Campche - Original (94).txt
0Cmpche - Original (95).txt Edited to : 0Campche - Original (95).txt
0Cmpche - Original (96).txt Edited to : 0Campche - Original (96).txt
0Cmpche - Original (97).txt Edited to : 0Campche - Original (97).txt
0Cmpche - Original (98).txt Edited to : 0Campche - Original (98).txt
0Cmpche - Original (99).txt Edited to : 0Campche - Original (99).txt
0Cmpche - Original (100).txt Edited to : 0Campche - Original (100).txt
0Cmpche - Original (101).txt Edited to : 0Campche - Original (101).txt
0Cmpche - Original (102).txt Edited to : 0Campche - Original (102).txt
0Cmpche - Original (103).txt Edited to : 0Campche - Original (103).txt
0Cmpche - Original (104).txt Edited to : 0Campche - Original (104).txt
0Cmpche - Original (105).txt Edited to : 0Campche - Original (105).txt
0Cmpche - Original (106).txt Edited to : 0Campche - Original (106).txt
0Cmpche - Original (107).txt Edited to : 0Campche - Original (107).txt
0Cmpche - Original (108).txt Edited to : 0Campche - Original (108).txt
0Cmpche - Original (109).txt Edited to : 0Campche - Original (109).txt
0Cmpche - Original (110).txt Edited to : 0Campche - Original (110).txt
0Cmpche - Original (111).txt Edited to : 0Campche - Original (111).txt
0Cmpche - Original (112).txt Edited to : 0Campche - Original (112).txt
0Cmpche - Original (113).txt Edited to : 0Campche - Original (113).txt
0Cmpche - Original (114).txt Edited to : 0Campche - Original (114).txt
0Cmpche - Original (115).txt Edited to : 0Campche - Original (115).txt
0Cmpche - Original (116).txt Edited to : 0Campche - Original (116).txt
0Cmpche - Original (117).txt Edited to : 0Campche - Original (117).txt
0Cmpche - Original (118).txt Edited to : 0Campche - Original (118).txt
0Cmpche - Original (119).txt Edited to : 0Campche - Original (119).txt
0Cmpche - Original (120).txt Edited to : 0Campche - Original (120).txt
0Cmpche - Original (121).txt Edited to : 0Campche - Original (121).txt
0Cmpche - Original (122).txt Edited to : 0Campche - Original (122).txt
0Cmpche - Original (123).txt Edited to : 0Campche - Original (123).txt
0Cmpche - Original (124).txt Edited to : 0Campche - Original (124).txt
0Cmpche - Original (125).txt Edited to : 0Campche - Original (125).txt
0Cmpche - Original (126).txt Edited to : 0Campche - Original (126).txt
0Cmpche - Original (127).txt Edited to : 0Campche - Original (127).txt
0Cmpche - Original (128).txt Edited to : 0Campche - Original (128).txt
0Cmpche - Original (129).txt Edited to : 0Campche - Original (129).txt
0Cmpche - Original (130).txt Edited to : 0Campche - Original (130).txt
0Cmpche - Original (131).txt Edited to : 0Campche - Original (131).txt
0Cmpche - Original (132).txt Edited to : 0Campche - Original (132).txt
0Cmpche - Original (133).txt Edited to : 0Campche - Original (133).txt
0Cmpche - Original (134).txt Edited to : 0Campche - Original (134).txt
0Cmpche - Original (135).txt Edited to : 0Campche - Original (135).txt
0Cmpche - Original (136).txt Edited to : 0Campche - Original (136).txt
0Cmpche - Original (137).txt Edited to : 0Campche - Original (137).txt
0Cmpche - Original (138).txt Edited to : 0Campche - Original (138).txt
0Cmpche - Original (139).txt Edited to : 0Campche - Original (139).txt
0Cmpche - Original (140).txt Edited to : 0Campche - Original (140).txt
0Cmpche - Original (141).txt Edited to : 0Campche - Original (141).txt
0Cmpche - Original (142).txt Edited to : 0Campche - Original (142).txt
0Cmpche - Original (143).txt Edited to : 0Campche - Original (143).txt
0Cmpche - Original (144).txt Edited to : 0Campche - Original (144).txt
0Cmpche - Original (145).txt Edited to : 0Campche - Original (145).txt
0Cmpche - Original (146).txt Edited to : 0Campche - Original (146).txt
Cmpche - Original (1).txt Edited to : Campche - Original (1).txt
Cmpche - Original (2).txt Edited to : Campche - Original (2).txt
Cmpche - Original (3).txt Edited to : Campche - Original (3).txt
Cmpche - Original (4).txt Edited to : Campche - Original (4).txt
Cmpche - Original (5).txt Edited to : Campche - Original (5).txt
Cmpche - Original (6).txt Edited to : Campche - Original (6).txt
Cmpche - Original (7).txt Edited to : Campche - Original (7).txt
Cmpche - Original (8).txt Edited to : Campche - Original (8).txt
Cmpche - Original (9).txt Edited to : Campche - Original (9).txt
Cmpche - Original (11).txt Edited to : Campche - Original (11).txt
Cmpche - Original (12).txt Edited to : Campche - Original (12).txt
Cmpche - Original (13).txt Edited to : Campche - Original (13).txt
Cmpche - Original (14).txt Edited to : Campche - Original (14).txt
Cmpche - Original (15).txt Edited to : Campche - Original (15).txt
Cmpche - Original (147).txt Edited to : Campche - Original (147).txt

**************************************************************************************************************************

[ 02.05.2016 08:07:25 ] : 

0Cmpche - Copie (52).txt Edited to : campichele - Copie (52).txt
0Cmpche - Copie (53).txt Edited to : campichele - Copie (53).txt
0Cmpche - Copie (54).txt Edited to : campichele - Copie (54).txt
0Cmpche - Copie (55).txt Edited to : campichele - Copie (55).txt
0Cmpche - Copie (56).txt Edited to : campichele - Copie (56).txt
0Cmpche - Copie (57).txt Edited to : campichele - Copie (57).txt
0Cmpche - Copie (58).txt Edited to : campichele - Copie (58).txt
0Cmpche - Copie.txt Edited to : campichele - Copie.txt
0Cmpche.txt Edited to : campichele.txt
0Cmpche - Copie (2).txt Edited to : campichele - Copie (2).txt
0Cmpche - Copie (3).txt Edited to : campichele - Copie (3).txt
0Cmpche - Copie (4).txt Edited to : campichele - Copie (4).txt
0Cmpche - Copie (5).txt Edited to : campichele - Copie (5).txt
0Cmpche - Copie (6).txt Edited to : campichele - Copie (6).txt
0Cmpche - Copie (7).txt Edited to : campichele - Copie (7).txt
0Cmpche - Copie (8).txt Edited to : campichele - Copie (8).txt
0Cmpche - Copie (9).txt Edited to : campichele - Copie (9).txt
0Cmpche - Copie (10).txt Edited to : campichele - Copie (10).txt
0Cmpche - Copie (11).txt Edited to : campichele - Copie (11).txt
0Cmpche - Copie (12).txt Edited to : campichele - Copie (12).txt
0Cmpche - Copie (13).txt Edited to : campichele - Copie (13).txt
0Cmpche - Copie (14).txt Edited to : campichele - Copie (14).txt
0Cmpche - Copie (15).txt Edited to : campichele - Copie (15).txt
0Cmpche - Copie (16).txt Edited to : campichele - Copie (16).txt
0Cmpche - Copie (17).txt Edited to : campichele - Copie (17).txt
0Cmpche - Copie (18).txt Edited to : campichele - Copie (18).txt
0Cmpche - Copie (19).txt Edited to : campichele - Copie (19).txt
0Cmpche - Copie (20).txt Edited to : campichele - Copie (20).txt
0Cmpche - Copie (21).txt Edited to : campichele - Copie (21).txt
0Cmpche - Copie (22).txt Edited to : campichele - Copie (22).txt
0Cmpche - Copie (23).txt Edited to : campichele - Copie (23).txt
0Cmpche - Copie (24).txt Edited to : campichele - Copie (24).txt
0Cmpche - Copie (25).txt Edited to : campichele - Copie (25).txt
0Cmpche - Copie (26).txt Edited to : campichele - Copie (26).txt
0Cmpche - Copie (27).txt Edited to : campichele - Copie (27).txt
0Cmpche - Copie (28).txt Edited to : campichele - Copie (28).txt
0Cmpche - Copie (29).txt Edited to : campichele - Copie (29).txt
0Cmpche - Copie (30).txt Edited to : campichele - Copie (30).txt
0Cmpche - Copie (31).txt Edited to : campichele - Copie (31).txt
0Cmpche - Copie (32).txt Edited to : campichele - Copie (32).txt
0Cmpche - Copie (33).txt Edited to : campichele - Copie (33).txt
0Cmpche - Copie (34).txt Edited to : campichele - Copie (34).txt
0Cmpche - Copie (35).txt Edited to : campichele - Copie (35).txt
0Cmpche - Copie (36).txt Edited to : campichele - Copie (36).txt
0Cmpche - Copie (37).txt Edited to : campichele - Copie (37).txt
0Cmpche - Copie (38).txt Edited to : campichele - Copie (38).txt
0Cmpche - Copie (39).txt Edited to : campichele - Copie (39).txt
0Cmpche - Copie (40).txt Edited to : campichele - Copie (40).txt
0Cmpche - Copie (41).txt Edited to : campichele - Copie (41).txt
0Cmpche - Copie (42).txt Edited to : campichele - Copie (42).txt
0Cmpche - Copie (43).txt Edited to : campichele - Copie (43).txt
0Cmpche - Copie (44).txt Edited to : campichele - Copie (44).txt
0Cmpche - Copie (45).txt Edited to : campichele - Copie (45).txt
0Cmpche - Copie (46).txt Edited to : campichele - Copie (46).txt
0Cmpche - Copie (47).txt Edited to : campichele - Copie (47).txt
0Cmpche - Copie (48).txt Edited to : campichele - Copie (48).txt
0Cmpche - Copie (49).txt Edited to : campichele - Copie (49).txt
0Cmpche - Copie (50).txt Edited to : campichele - Copie (50).txt
0Cmpche - Copie (51).txt Edited to : campichele - Copie (51).txt

**************************************************************************************************************************

[ 02.05.2016 08:09:03 ] : 

campichele - Copie (40).txt Edited to : campichee - Copie (40).txt
campichele - Copie (41).txt Edited to : campichee - Copie (41).txt
campichele - Copie (2).txt Edited to : campichee - Copie (2).txt
campichele - Copie (3).txt Edited to : campichee - Copie (3).txt
campichele - Copie (4).txt Edited to : campichee - Copie (4).txt
campichele - Copie (5).txt Edited to : campichee - Copie (5).txt
campichele - Copie (6).txt Edited to : campichee - Copie (6).txt
campichele - Copie (7).txt Edited to : campichee - Copie (7).txt
campichele - Copie (8).txt Edited to : campichee - Copie (8).txt
campichele - Copie (9).txt Edited to : campichee - Copie (9).txt
campichele - Copie (10).txt Edited to : campichee - Copie (10).txt
campichele - Copie (11).txt Edited to : campichee - Copie (11).txt
campichele - Copie (12).txt Edited to : campichee - Copie (12).txt
campichele - Copie (13).txt Edited to : campichee - Copie (13).txt
campichele - Copie (14).txt Edited to : campichee - Copie (14).txt
campichele - Copie (15).txt Edited to : campichee - Copie (15).txt
campichele - Copie (16).txt Edited to : campichee - Copie (16).txt
campichele - Copie (17).txt Edited to : campichee - Copie (17).txt
campichele - Copie (18).txt Edited to : campichee - Copie (18).txt
campichele - Copie (19).txt Edited to : campichee - Copie (19).txt
campichele - Copie (20).txt Edited to : campichee - Copie (20).txt
campichele - Copie (21).txt Edited to : campichee - Copie (21).txt
campichele - Copie (22).txt Edited to : campichee - Copie (22).txt
campichele - Copie (23).txt Edited to : campichee - Copie (23).txt
campichele - Copie (24).txt Edited to : campichee - Copie (24).txt
campichele - Copie (25).txt Edited to : campichee - Copie (25).txt
campichele - Copie (26).txt Edited to : campichee - Copie (26).txt
campichele - Copie (27).txt Edited to : campichee - Copie (27).txt
campichele - Copie (28).txt Edited to : campichee - Copie (28).txt
campichele - Copie (29).txt Edited to : campichee - Copie (29).txt
campichele - Copie (30).txt Edited to : campichee - Copie (30).txt
campichele - Copie (31).txt Edited to : campichee - Copie (31).txt
campichele - Copie (32).txt Edited to : campichee - Copie (32).txt
campichele - Copie (33).txt Edited to : campichee - Copie (33).txt
campichele - Copie (34).txt Edited to : campichee - Copie (34).txt
campichele - Copie (35).txt Edited to : campichee - Copie (35).txt
campichele - Copie (36).txt Edited to : campichee - Copie (36).txt
campichele - Copie (37).txt Edited to : campichee - Copie (37).txt
campichele - Copie (38).txt Edited to : campichee - Copie (38).txt
campichele - Copie (39).txt Edited to : campichee - Copie (39).txt
S-117-ALL01-ReseauWIFI.pdf Failed to change, stop program

**************************************************************************************************************************

[ 02.05.2016 08:12:02 ] : 

campichee - Copie (9).txt Edited to : campichee - Copie (9).txt
campichee - Copie (10).txt Edited to : campichee - Copie (10).txt
campichee - Copie (11).txt Edited to : campichee - Copie (11).txt
campichee - Copie (12).txt Edited to : campichee - Copie (12).txt
campichee - Copie (13).txt Edited to : campichee - Copie (13).txt
campichee - Copie (14).txt Edited to : campichee - Copie (14).txt
campichee - Copie (15).txt Edited to : campichee - Copie (15).txt
campichee - Copie (16).txt Edited to : campichee - Copie (16).txt
campichee - Copie (17).txt Edited to : campichee - Copie (17).txt
campichee - Copie (18).txt Edited to : campichee - Copie (18).txt
campichee - Copie (19).txt Edited to : campichee - Copie (19).txt
campichee - Copie (20).txt Edited to : campichee - Copie (20).txt
campichee - Copie (21).txt Edited to : campichee - Copie (21).txt
campichee - Copie (22).txt Edited to : campichee - Copie (22).txt
campichee - Copie (23).txt Edited to : campichee - Copie (23).txt
campichee - Copie (24).txt Edited to : campichee - Copie (24).txt
campichee - Copie (25).txt Edited to : campichee - Copie (25).txt
campichee - Copie (26).txt Edited to : campichee - Copie (26).txt
campichee - Copie (27).txt Edited to : campichee - Copie (27).txt
campichee - Copie (28).txt Edited to : campichee - Copie (28).txt
campichee - Copie (29).txt Edited to : campichee - Copie (29).txt
campichee - Copie (30).txt Edited to : campichee - Copie (30).txt
campichee - Copie (31).txt Edited to : campichee - Copie (31).txt
campichee - Copie (32).txt Edited to : campichee - Copie (32).txt
campichee - Copie (33).txt Edited to : campichee - Copie (33).txt
campichee - Copie (34).txt Edited to : campichee - Copie (34).txt
campichee - Copie (35).txt Edited to : campichee - Copie (35).txt
campichee - Copie (36).txt Edited to : campichee - Copie (36).txt
campichee - Copie (37).txt Edited to : campichee - Copie (37).txt
campichee - Copie (38).txt Edited to : campichee - Copie (38).txt
campichee - Copie (39).txt Edited to : campichee - Copie (39).txt
campichee - Copie (40).txt Edited to : campichee - Copie (40).txt
campichee - Copie (41).txt Edited to : campichee - Copie (41).txt
campichele - Copie (42).txt Edited to : campichee - Copie (42).txt
campichele - Copie (43).txt Edited to : campichee - Copie (43).txt
campichele - Copie (44).txt Edited to : campichee - Copie (44).txt
campichele - Copie (45).txt Edited to : campichee - Copie (45).txt
campichele - Copie (46).txt Edited to : campichee - Copie (46).txt
campichele - Copie (47).txt Edited to : campichee - Copie (47).txt
campichele - Copie (48).txt Edited to : campichee - Copie (48).txt
campichele - Copie (49).txt Edited to : campichee - Copie (49).txt
campichele - Copie (50).txt Edited to : campichee - Copie (50).txt
campichele - Copie (51).txt Edited to : campichee - Copie (51).txt
campichele - Copie (52).txt Edited to : campichee - Copie (52).txt
campichele - Copie (53).txt Edited to : campichee - Copie (53).txt
campichele - Copie (54).txt Edited to : campichee - Copie (54).txt
campichele - Copie (55).txt Edited to : campichee - Copie (55).txt
campichele - Copie (56).txt Edited to : campichee - Copie (56).txt
campichele - Copie (57).txt Edited to : campichee - Copie (57).txt
campichele - Copie (58).txt Edited to : campichee - Copie (58).txt
campichele - Copie.txt Edited to : campichee - Copie.txt
campichele.txt Edited to : campichee.txt
campichee - Copie (2).txt Edited to : campichee - Copie (2).txt
campichee - Copie (3).txt Edited to : campichee - Copie (3).txt
campichee - Copie (4).txt Edited to : campichee - Copie (4).txt
campichee - Copie (5).txt Edited to : campichee - Copie (5).txt
campichee - Copie (6).txt Edited to : campichee - Copie (6).txt
campichee - Copie (7).txt Edited to : campichee - Copie (7).txt
campichee - Copie (8).txt Edited to : campichee - Copie (8).txt

**************************************************************************************************************************

